2019-04-06 14:38:27,954 ERROR main hr.java.vjezbe.utils.Unos - Neispravan unos: null
2019-04-06 14:38:28,652 ERROR main hr.java.vjezbe.utils.Unos - Neispravan unos: null
2019-04-06 14:38:29,216 ERROR main hr.java.vjezbe.utils.Unos - Neispravan unos: null
2019-04-06 14:38:29,682 ERROR main hr.java.vjezbe.utils.Unos - Neispravan unos: null
2019-04-06 14:38:30,827 INFO main hr.java.vjezbe.utils.Unos - Unesena vrijednost je: 
2019-04-06 14:39:22,833 ERROR main hr.java.vjezbe.utils.Unos - Neispravan unos: null
2019-04-06 14:39:23,434 INFO main hr.java.vjezbe.utils.Unos - Unesena vrijednost je: 1
2019-04-06 14:57:47,606 ERROR main hr.java.vjezbe.utils.Unos - Neispravan unos: null
2019-04-06 14:57:48,301 INFO main hr.java.vjezbe.utils.Unos - Unesena vrijednost je: 1
2019-04-06 14:57:57,086 INFO main hr.java.vjezbe.utils.Unos - Unesena vrijednost je: 12
2019-04-06 14:58:01,287 ERROR main hr.java.vjezbe.utils.Unos - Neispravan unos: null
2019-04-06 14:58:02,526 INFO main hr.java.vjezbe.utils.Unos - Unesena vrijednost je: 1
2019-04-06 14:58:08,985 INFO main hr.java.vjezbe.utils.Unos - Unesena vrijednost je: 2
2019-04-06 14:58:12,373 ERROR main hr.java.vjezbe.utils.Unos - Neispravan unos: null
2019-04-06 14:58:13,047 INFO main hr.java.vjezbe.utils.Unos - Unesena vrijednost je: 1
2019-04-06 14:58:14,360 INFO main hr.java.vjezbe.utils.Unos - Unesena vrijednost je: 2
2019-04-06 14:58:15,792 ERROR main hr.java.vjezbe.utils.Unos - Neispravan unos: null
2019-04-06 14:58:16,540 INFO main hr.java.vjezbe.utils.Unos - Unesena vrijednost je: 1
2019-04-06 14:58:21,138 ERROR main hr.java.vjezbe.utils.Unos - Neispravan datum
2019-04-06 14:58:22,710 ERROR main hr.java.vjezbe.utils.Unos - Neispravan datum
2019-04-06 16:40:37,588 ERROR main hr.java.vjezbe.utils.Unos - Neispravan unos: null
2019-04-06 16:40:38,222 INFO main hr.java.vjezbe.utils.Unos - Unesena vrijednost je: 12
2019-04-06 16:40:45,705 ERROR main hr.java.vjezbe.utils.Unos - Neispravan unos: null
2019-04-06 16:40:46,347 INFO main hr.java.vjezbe.utils.Unos - Unesena vrijednost je: 12
2019-04-06 16:40:47,681 ERROR main hr.java.vjezbe.utils.Unos - Neispravan unos: null
2019-04-06 16:40:48,478 INFO main hr.java.vjezbe.utils.Unos - Unesena vrijednost je: 1
2019-04-06 16:40:51,611 ERROR main hr.java.vjezbe.utils.Unos - Neispravan unos: null
2019-04-06 16:40:52,298 INFO main hr.java.vjezbe.utils.Unos - Unesena vrijednost je: 12
2019-04-06 16:40:55,960 ERROR main hr.java.vjezbe.utils.Unos - Neispravan unos: null
2019-04-06 16:40:56,489 INFO main hr.java.vjezbe.utils.Unos - Unesena vrijednost je: 12
2019-04-06 16:40:57,999 INFO main hr.java.vjezbe.utils.Unos - Unesena vrijednost je: 2
2019-04-06 16:40:59,512 ERROR main hr.java.vjezbe.utils.Unos - Neispravan unos: null
2019-04-06 16:41:00,909 INFO main hr.java.vjezbe.utils.Unos - Unesena vrijednost je: 12
2019-04-06 16:41:04,469 ERROR main hr.java.vjezbe.utils.Unos - Neispravan datum
2019-04-06 16:41:25,783 ERROR main hr.java.vjezbe.utils.Unos - Neispravan datum
2019-04-06 16:41:26,663 ERROR main hr.java.vjezbe.utils.Unos - Neispravan datum
2019-04-06 16:41:33,128 ERROR main hr.java.vjezbe.utils.Unos - Neispravan unos: null
2019-04-06 16:41:34,274 INFO main hr.java.vjezbe.utils.Unos - Unesena vrijednost je: 1
2019-04-06 16:41:35,422 INFO main hr.java.vjezbe.utils.Unos - Unesena vrijednost je: 2
2019-04-06 16:41:37,545 ERROR main hr.java.vjezbe.utils.Unos - Neispravan unos: null
2019-04-06 16:41:39,077 INFO main hr.java.vjezbe.utils.Unos - Unesena vrijednost je: 6
2019-04-06 16:41:39,750 INFO main hr.java.vjezbe.utils.Unos - Unesena vrijednost je: 1
2019-04-06 16:41:41,730 ERROR main hr.java.vjezbe.utils.Unos - Neispravan datum
2019-04-06 16:41:50,176 INFO main hr.java.vjezbe.utils.Unos - Unesena vrijednost je: 2
2019-04-06 16:42:00,849 INFO main hr.java.vjezbe.utils.Unos - Unesena vrijednost je: 1
2019-04-06 16:42:03,144 INFO main hr.java.vjezbe.utils.Unos - Unesena vrijednost je: 2
2019-04-06 16:42:13,410 INFO main hr.java.vjezbe.utils.Unos - Unesena vrijednost je: 2
2019-04-06 16:42:16,492 INFO main hr.java.vjezbe.utils.Unos - Unesena vrijednost je: 2
2019-04-06 16:42:18,627 INFO main hr.java.vjezbe.utils.Unos - Unesena vrijednost je: 1
2019-04-06 16:42:18,641 ERROR main hr.java.vjezbe.entitet.FakultetRacunarstva - Nemoguce odrediti prosjek studenta: Student: sdvas sadva sadas
Ispit: avsd: 1
2019-04-06 16:42:27,239 INFO main hr.java.vjezbe.utils.Unos - Unesena vrijednost je: 2
2019-04-06 16:42:28,107 INFO main hr.java.vjezbe.utils.Unos - Unesena vrijednost je: 1
2019-04-06 16:42:28,108 ERROR main hr.java.vjezbe.entitet.FakultetRacunarstva - Nemoguce odrediti prosjek studenta: Student: sdvas sadva sadas
Ispit: avsd: 1
2019-04-06 16:42:28,114 ERROR main hr.java.vjezbe.entitet.FakultetRacunarstva - Nemoguce odrediti prosjek studenta: dvas sdv
hr.java.vjezbe.iznimke.NemoguceOdreditiProsjekStudenta: Student: sdvas sadva sadas
Ispit: avsd: 1
	at hr.java.vjezbe.entitet.Visokoskolska.odrediProsjekOcjenaNaIspitima(Visokoskolska.java:19)
	at hr.java.vjezbe.entitet.FakultetRacunarstva.odrediStudentaZaRektorovuNagradu(FakultetRacunarstva.java:49)
	at hr.java.vjezbe.glavna.Glavna.main(Glavna.java:88)
2019-04-06 16:42:28,114 ERROR main hr.java.vjezbe.entitet.FakultetRacunarstva - Nemoguce odrediti prosjek studenta: sadas sadva
hr.java.vjezbe.iznimke.NemoguceOdreditiProsjekStudenta: Student: sdvas sadva sadas
Ispit: avsd: 1
	at hr.java.vjezbe.entitet.Visokoskolska.odrediProsjekOcjenaNaIspitima(Visokoskolska.java:19)
	at hr.java.vjezbe.entitet.FakultetRacunarstva.odrediStudentaZaRektorovuNagradu(FakultetRacunarstva.java:49)
	at hr.java.vjezbe.glavna.Glavna.main(Glavna.java:88)
2019-04-06 17:09:26,036 INFO main hr.java.vjezbe.utils.Unos - Unesena vrijednost je: 1
2019-04-06 17:09:33,051 ERROR main hr.java.vjezbe.utils.Unos - Neispravan unos: null
2019-04-06 17:09:33,776 INFO main hr.java.vjezbe.utils.Unos - Unesena vrijednost je: 12
2019-04-06 17:09:34,573 ERROR main hr.java.vjezbe.utils.Unos - Neispravan unos: null
2019-04-06 17:09:35,147 INFO main hr.java.vjezbe.utils.Unos - Unesena vrijednost je: 2
2019-04-06 17:09:36,466 ERROR main hr.java.vjezbe.utils.Unos - Neispravan unos: null
2019-04-06 17:09:37,557 ERROR main hr.java.vjezbe.utils.Unos - Neispravan unos: null
2019-04-06 17:09:38,133 INFO main hr.java.vjezbe.utils.Unos - Unesena vrijednost je: 1
2019-04-06 17:09:46,636 INFO main hr.java.vjezbe.utils.Unos - Unesena vrijednost je: 12
2019-04-06 17:09:47,707 INFO main hr.java.vjezbe.utils.Unos - Unesena vrijednost je: 2
2019-04-06 17:09:50,093 INFO main hr.java.vjezbe.utils.Unos - Unesena vrijednost je: 12
2019-04-06 17:09:53,405 ERROR main hr.java.vjezbe.utils.Unos - Neispravan datum
2019-04-06 17:10:05,133 ERROR main hr.java.vjezbe.utils.Unos - Neispravan unos: null
2019-04-06 17:10:05,644 INFO main hr.java.vjezbe.utils.Unos - Unesena vrijednost je: 2
2019-04-06 17:10:06,639 INFO main hr.java.vjezbe.utils.Unos - Unesena vrijednost je: 1
2019-04-06 17:10:08,396 INFO main hr.java.vjezbe.utils.Unos - Unesena vrijednost je: 2
2019-04-06 17:10:16,692 INFO main hr.java.vjezbe.utils.Unos - Unesena vrijednost je: 2
2019-04-06 17:10:17,451 INFO main hr.java.vjezbe.utils.Unos - Unesena vrijednost je: 1
2019-04-06 17:10:19,020 INFO main hr.java.vjezbe.utils.Unos - Unesena vrijednost je: 3
2019-04-06 17:11:09,238 INFO main hr.java.vjezbe.utils.Unos - Unesena vrijednost je: 1
2019-04-06 17:11:13,991 INFO main hr.java.vjezbe.utils.Unos - Unesena vrijednost je: 2
2019-04-06 17:11:17,070 INFO main hr.java.vjezbe.utils.Unos - Unesena vrijednost je: 2
2019-04-06 17:43:28,650 ERROR main hr.java.vjezbe.utils.Unos - Neispravan unos: null
2019-04-06 17:43:29,458 INFO main hr.java.vjezbe.utils.Unos - Unesena vrijednost je: 12
2019-04-06 17:43:36,286 ERROR main hr.java.vjezbe.utils.Unos - Neispravan unos: null
2019-04-06 17:43:37,116 INFO main hr.java.vjezbe.utils.Unos - Unesena vrijednost je: 123
2019-04-06 17:43:37,858 ERROR main hr.java.vjezbe.utils.Unos - Neispravan unos: null
2019-04-06 17:43:38,555 INFO main hr.java.vjezbe.utils.Unos - Unesena vrijednost je: 12
2019-04-06 17:43:39,314 ERROR main hr.java.vjezbe.utils.Unos - Neispravan unos: null
2019-04-06 17:43:39,965 INFO main hr.java.vjezbe.utils.Unos - Unesena vrijednost je: 12
2019-04-06 17:43:41,464 INFO main hr.java.vjezbe.utils.Unos - Unesena vrijednost je: 1
2019-04-06 17:43:42,076 INFO main hr.java.vjezbe.utils.Unos - Unesena vrijednost je: 1
2019-04-06 17:43:43,582 INFO main hr.java.vjezbe.utils.Unos - Unesena vrijednost je: 1
2019-04-06 17:43:43,783 INFO main hr.java.vjezbe.utils.Unos - Unesena vrijednost je: 1
2019-04-06 17:43:43,973 INFO main hr.java.vjezbe.utils.Unos - Unesena vrijednost je: 1
2019-04-06 17:43:44,574 ERROR main hr.java.vjezbe.utils.Unos - Neispravan datum
2019-04-06 17:43:44,752 ERROR main hr.java.vjezbe.utils.Unos - Neispravan datum
2019-04-06 17:43:44,937 ERROR main hr.java.vjezbe.utils.Unos - Neispravan datum
2019-04-06 17:43:45,127 ERROR main hr.java.vjezbe.utils.Unos - Neispravan datum
2019-04-06 17:43:45,306 ERROR main hr.java.vjezbe.utils.Unos - Neispravan datum
2019-04-06 17:43:45,494 ERROR main hr.java.vjezbe.utils.Unos - Neispravan datum
2019-04-06 17:43:53,620 ERROR main hr.java.vjezbe.utils.Unos - Neispravan datum
2019-04-06 17:43:58,468 INFO main hr.java.vjezbe.utils.Unos - Unesena vrijednost je: 12
2019-04-06 17:43:59,230 INFO main hr.java.vjezbe.utils.Unos - Unesena vrijednost je: 1
2019-04-06 17:44:01,407 INFO main hr.java.vjezbe.utils.Unos - Unesena vrijednost je: 2
2019-04-06 17:44:03,051 INFO main hr.java.vjezbe.utils.Unos - Unesena vrijednost je: 2
2019-04-06 17:44:10,305 INFO main hr.java.vjezbe.utils.Unos - Unesena vrijednost je: 1
2019-04-06 17:44:10,903 INFO main hr.java.vjezbe.utils.Unos - Unesena vrijednost je: 2
2019-04-06 17:44:11,629 INFO main hr.java.vjezbe.utils.Unos - Unesena vrijednost je: 1
2019-04-06 17:44:21,118 INFO main hr.java.vjezbe.utils.Unos - Unesena vrijednost je: 2
2019-04-06 17:44:24,023 INFO main hr.java.vjezbe.utils.Unos - Unesena vrijednost je: 1
2019-04-06 17:44:24,747 INFO main hr.java.vjezbe.utils.Unos - Unesena vrijednost je: 2
2019-04-06 17:44:26,860 ERROR main hr.java.vjezbe.utils.Unos - Neispravan unos: null
2019-04-06 17:44:29,029 ERROR main hr.java.vjezbe.utils.Unos - Neispravan unos: null
2019-04-06 17:44:29,878 INFO main hr.java.vjezbe.utils.Unos - Unesena vrijednost je: 1
2019-04-06 17:44:30,442 INFO main hr.java.vjezbe.utils.Unos - Unesena vrijednost je: 2
2019-04-06 17:44:30,443 ERROR main hr.java.vjezbe.entitet.FakultetRacunarstva - Nemoguce odrediti prosjek studenta: Student: 1wv asdva 1
Ispit: sadv: 1
2019-04-06 17:44:30,448 ERROR main hr.java.vjezbe.entitet.FakultetRacunarstva - Nemoguce odrediti prosjek studenta: 1 asdva
hr.java.vjezbe.iznimke.NemoguceOdreditiProsjekStudenta: Student: 1wv asdva 1
Ispit: sadv: 1
	at hr.java.vjezbe.entitet.Visokoskolska.odrediProsjekOcjenaNaIspitima(Visokoskolska.java:40)
	at hr.java.vjezbe.entitet.FakultetRacunarstva.odrediStudentaZaRektorovuNagradu(FakultetRacunarstva.java:80)
	at hr.java.vjezbe.glavna.Glavna.main(Glavna.java:88)
2019-04-06 17:44:35,811 INFO main hr.java.vjezbe.utils.Unos - Unesena vrijednost je: 1
2019-04-06 17:44:36,401 INFO main hr.java.vjezbe.utils.Unos - Unesena vrijednost je: 2
2019-04-06 19:06:12,921 INFO main hr.java.vjezbe.utils.Unos - Unesena vrijednost je: 1
2019-04-06 19:06:52,213 INFO main hr.java.vjezbe.utils.Unos - Unesena vrijednost je: 12
2019-04-06 19:07:54,731 ERROR main hr.java.vjezbe.utils.Unos - Neispravan unos: null
2019-04-06 19:07:55,769 ERROR main hr.java.vjezbe.utils.Unos - Neispravan unos: null
2019-04-06 19:07:57,143 INFO main hr.java.vjezbe.utils.Unos - Unesena vrijednost je: 12
2019-04-06 19:08:01,545 ERROR main hr.java.vjezbe.entitet.ObrazovnaUstanova - Neispravan naziv predmeta: null
2019-04-06 19:08:21,466 ERROR main hr.java.vjezbe.utils.Unos - Neispravan unos: null
2019-04-06 19:08:23,630 INFO main hr.java.vjezbe.utils.Unos - Unesena vrijednost je: 12
2019-04-06 19:08:27,877 ERROR main hr.java.vjezbe.entitet.ObrazovnaUstanova - Neispravan naziv predmeta: null
2019-04-06 19:08:42,084 INFO main hr.java.vjezbe.utils.Unos - Unesena vrijednost je: 12
2019-04-06 19:08:52,479 INFO main hr.java.vjezbe.utils.Unos - Unesena vrijednost je: 12
2019-04-06 19:08:56,528 ERROR main hr.java.vjezbe.entitet.ObrazovnaUstanova - Neispravan naziv predmeta: null
2019-04-06 19:09:01,806 ERROR main hr.java.vjezbe.utils.Unos - Neispravan unos: null
2019-04-06 19:09:02,477 INFO main hr.java.vjezbe.utils.Unos - Unesena vrijednost je: 12
2019-04-06 19:09:11,664 INFO main hr.java.vjezbe.utils.Unos - Unesena vrijednost je: 12
2019-04-06 19:09:14,228 ERROR main hr.java.vjezbe.entitet.ObrazovnaUstanova - Neispravan naziv predmeta: null
2019-04-06 19:15:22,492 INFO main hr.java.vjezbe.utils.Unos - Unesena vrijednost je: 12
2019-04-06 19:15:27,058 ERROR main hr.java.vjezbe.utils.Unos - Neispravan unos: null
2019-04-06 19:15:27,776 ERROR main hr.java.vjezbe.utils.Unos - Neispravan unos: null
2019-04-06 19:15:28,187 INFO main hr.java.vjezbe.utils.Unos - Unesena vrijednost je: 12
2019-04-06 19:15:29,548 INFO main hr.java.vjezbe.utils.Unos - Unesena vrijednost je: 2
2019-04-06 19:15:32,043 INFO main hr.java.vjezbe.utils.Unos - Unesena vrijednost je: 12
2019-04-06 19:15:37,706 ERROR main hr.java.vjezbe.utils.Unos - Neispravan unos: null
2019-04-06 19:15:38,386 INFO main hr.java.vjezbe.utils.Unos - Unesena vrijednost je: 12
2019-04-06 19:15:39,601 INFO main hr.java.vjezbe.utils.Unos - Unesena vrijednost je: 2
2019-04-06 19:15:41,861 INFO main hr.java.vjezbe.utils.Unos - Unesena vrijednost je: 1
2019-04-06 19:15:58,252 INFO main hr.java.vjezbe.utils.Unos - Unesena vrijednost je: 2
2019-04-06 19:15:59,083 INFO main hr.java.vjezbe.utils.Unos - Unesena vrijednost je: 1
2019-04-06 19:16:06,270 INFO main hr.java.vjezbe.utils.Unos - Unesena vrijednost je: 6
2019-04-06 19:21:08,508 INFO main hr.java.vjezbe.utils.Unos - Unesena vrijednost je: 3423
2019-04-06 19:21:19,010 ERROR main hr.java.vjezbe.utils.Unos - Neispravan unos: null
2019-04-06 19:21:19,721 INFO main hr.java.vjezbe.utils.Unos - Unesena vrijednost je: 12
2019-04-06 19:21:20,956 INFO main hr.java.vjezbe.utils.Unos - Unesena vrijednost je: 2
2019-04-06 19:21:22,777 ERROR main hr.java.vjezbe.utils.Unos - Neispravan unos: null
2019-04-06 19:21:23,464 INFO main hr.java.vjezbe.utils.Unos - Unesena vrijednost je: 1
2019-04-06 19:21:27,862 ERROR main hr.java.vjezbe.entitet.ObrazovnaUstanova - Neispravan naziv predmeta: null
2019-04-06 19:21:45,398 ERROR main hr.java.vjezbe.entitet.ObrazovnaUstanova - Neispravan naziv predmeta: null
2019-04-13 15:00:36,409 INFO main hr.java.vjezbe.utils.Unos - Unesena vrijednost je: 12
2019-04-13 15:00:44,031 ERROR main hr.java.vjezbe.utils.Unos - Neispravan unos: null
2019-04-13 15:00:44,512 ERROR main hr.java.vjezbe.utils.Unos - Neispravan unos: null
2019-04-13 15:00:45,061 INFO main hr.java.vjezbe.utils.Unos - Unesena vrijednost je: 12
2019-04-13 15:00:45,828 ERROR main hr.java.vjezbe.utils.Unos - Neispravan unos: null
2019-04-13 15:00:46,436 INFO main hr.java.vjezbe.utils.Unos - Unesena vrijednost je: 2
2019-04-13 15:00:48,015 ERROR main hr.java.vjezbe.utils.Unos - Neispravan unos: null
2019-04-13 15:00:48,914 INFO main hr.java.vjezbe.utils.Unos - Unesena vrijednost je: 2
2019-04-13 15:00:50,683 ERROR main hr.java.vjezbe.entitet.ObrazovnaUstanova - Neispravan naziv predmeta: null
2019-04-13 15:00:53,234 ERROR main hr.java.vjezbe.utils.Unos - Neispravan unos: null
2019-04-13 15:00:53,954 INFO main hr.java.vjezbe.utils.Unos - Unesena vrijednost je: 23
2019-04-13 15:00:56,760 INFO main hr.java.vjezbe.utils.Unos - Unesena vrijednost je: 6
2019-04-13 15:00:57,745 INFO main hr.java.vjezbe.utils.Unos - Unesena vrijednost je: 1
2019-04-13 15:01:00,788 INFO main hr.java.vjezbe.utils.Unos - Unesena vrijednost je: 3
2019-04-13 15:01:30,345 INFO main hr.java.vjezbe.utils.Unos - Unesena vrijednost je: 2
2019-04-13 15:01:32,013 INFO main hr.java.vjezbe.utils.Unos - Unesena vrijednost je: 1
2019-04-13 15:01:33,515 INFO main hr.java.vjezbe.utils.Unos - Unesena vrijednost je: 3
2019-04-13 15:01:39,708 INFO main hr.java.vjezbe.utils.Unos - Unesena vrijednost je: 2
2019-04-13 15:01:44,086 INFO main hr.java.vjezbe.utils.Unos - Unesena vrijednost je: 2
2019-04-13 15:01:45,422 INFO main hr.java.vjezbe.utils.Unos - Unesena vrijednost je: 4
2019-04-13 15:01:53,051 INFO main hr.java.vjezbe.utils.Unos - Unesena vrijednost je: 2
2019-04-13 15:01:57,914 INFO main hr.java.vjezbe.utils.Unos - Unesena vrijednost je: 2
2019-04-13 15:01:58,798 INFO main hr.java.vjezbe.utils.Unos - Unesena vrijednost je: 2
2019-04-13 15:02:01,557 INFO main hr.java.vjezbe.utils.Unos - Unesena vrijednost je: 2
2019-04-13 15:02:02,656 INFO main hr.java.vjezbe.utils.Unos - Unesena vrijednost je: 2
2019-04-13 15:03:20,307 ERROR main hr.java.vjezbe.utils.Unos - Neispravan unos: null
2019-04-13 15:03:21,699 INFO main hr.java.vjezbe.utils.Unos - Unesena vrijednost je: 12
2019-04-13 15:04:20,427 INFO main hr.java.vjezbe.utils.Unos - Unesena vrijednost je: 12
2019-04-13 15:04:30,807 ERROR main hr.java.vjezbe.utils.Unos - Neispravan unos: null
2019-04-13 15:04:32,128 ERROR main hr.java.vjezbe.utils.Unos - Neispravan unos: null
2019-04-13 15:04:33,390 INFO main hr.java.vjezbe.utils.Unos - Unesena vrijednost je: 1
2019-04-13 15:04:34,970 INFO main hr.java.vjezbe.utils.Unos - Unesena vrijednost je: 12
2019-04-13 15:04:37,639 ERROR main hr.java.vjezbe.utils.Unos - Neispravan unos: null
2019-04-13 15:04:38,712 INFO main hr.java.vjezbe.utils.Unos - Unesena vrijednost je: 12
2019-04-13 15:04:48,505 INFO main hr.java.vjezbe.utils.Unos - Unesena vrijednost je: 1
2019-04-13 15:04:49,897 ERROR main hr.java.vjezbe.utils.Unos - Neispravan unos: null
2019-04-13 15:04:51,065 INFO main hr.java.vjezbe.utils.Unos - Unesena vrijednost je: 1
2019-04-13 15:05:04,053 INFO main hr.java.vjezbe.utils.Unos - Unesena vrijednost je: 2
2019-04-13 15:05:05,483 INFO main hr.java.vjezbe.utils.Unos - Unesena vrijednost je: 1
2019-04-13 15:05:07,821 INFO main hr.java.vjezbe.utils.Unos - Unesena vrijednost je: 3
2019-04-13 15:05:17,690 INFO main hr.java.vjezbe.utils.Unos - Unesena vrijednost je: 2
2019-04-13 15:05:19,630 INFO main hr.java.vjezbe.utils.Unos - Unesena vrijednost je: 1
2019-04-13 15:05:21,207 INFO main hr.java.vjezbe.utils.Unos - Unesena vrijednost je: 3
2019-04-13 15:05:28,808 INFO main hr.java.vjezbe.utils.Unos - Unesena vrijednost je: 2
2019-04-13 15:05:32,186 INFO main hr.java.vjezbe.utils.Unos - Unesena vrijednost je: 2
2019-04-13 15:05:32,697 INFO main hr.java.vjezbe.utils.Unos - Unesena vrijednost je: 2
2019-04-13 15:05:34,233 INFO main hr.java.vjezbe.utils.Unos - Unesena vrijednost je: 2
2019-04-13 15:05:35,725 INFO main hr.java.vjezbe.utils.Unos - Unesena vrijednost je: 2
2019-04-13 15:06:46,538 INFO main hr.java.vjezbe.utils.Unos - Unesena vrijednost je: 1
2019-04-13 15:06:53,644 ERROR main hr.java.vjezbe.utils.Unos - Neispravan unos: null
2019-04-13 15:06:54,159 ERROR main hr.java.vjezbe.utils.Unos - Neispravan unos: null
2019-04-13 15:06:54,556 INFO main hr.java.vjezbe.utils.Unos - Unesena vrijednost je: 12
2019-04-13 15:06:55,275 ERROR main hr.java.vjezbe.utils.Unos - Neispravan unos: null
2019-04-13 15:06:55,624 INFO main hr.java.vjezbe.utils.Unos - Unesena vrijednost je: 2
2019-04-13 15:06:57,514 ERROR main hr.java.vjezbe.utils.Unos - Neispravan unos: null
2019-04-13 15:06:58,063 ERROR main hr.java.vjezbe.utils.Unos - Neispravan unos: null
2019-04-13 15:06:58,469 INFO main hr.java.vjezbe.utils.Unos - Unesena vrijednost je: 1
2019-04-13 15:07:00,665 ERROR main hr.java.vjezbe.utils.Unos - Neispravan unos: null
2019-04-13 15:07:01,624 ERROR main hr.java.vjezbe.utils.Unos - Neispravan unos: null
2019-04-13 15:07:02,935 ERROR main hr.java.vjezbe.utils.Unos - Neispravan unos: null
2019-04-13 15:07:03,663 ERROR main hr.java.vjezbe.utils.Unos - Neispravan unos: null
2019-04-13 15:07:04,048 INFO main hr.java.vjezbe.utils.Unos - Unesena vrijednost je: 1
2019-04-13 15:07:04,858 ERROR main hr.java.vjezbe.utils.Unos - Neispravan unos: null
2019-04-13 15:07:05,267 INFO main hr.java.vjezbe.utils.Unos - Unesena vrijednost je: 2
2019-04-13 15:07:06,493 ERROR main hr.java.vjezbe.utils.Unos - Neispravan unos: null
2019-04-13 15:07:07,563 INFO main hr.java.vjezbe.utils.Unos - Unesena vrijednost je: 1
2019-04-13 15:07:09,874 ERROR main hr.java.vjezbe.utils.Unos - Neispravan datum
2019-04-13 15:07:19,438 INFO main hr.java.vjezbe.utils.Unos - Unesena vrijednost je: 2
2019-04-13 15:07:20,817 ERROR main hr.java.vjezbe.utils.Unos - Neispravan unos: null
2019-04-13 15:07:21,304 INFO main hr.java.vjezbe.utils.Unos - Unesena vrijednost je: 2
2019-04-13 15:07:23,090 INFO main hr.java.vjezbe.utils.Unos - Unesena vrijednost je: 5
2019-04-13 15:07:31,718 INFO main hr.java.vjezbe.utils.Unos - Unesena vrijednost je: 2
2019-04-13 15:07:32,531 INFO main hr.java.vjezbe.utils.Unos - Unesena vrijednost je: 1
2019-04-13 15:07:35,151 INFO main hr.java.vjezbe.utils.Unos - Unesena vrijednost je: 5
2019-04-13 15:08:24,267 INFO main hr.java.vjezbe.utils.Unos - Unesena vrijednost je: 1
2019-04-13 15:21:27,981 INFO main hr.java.vjezbe.utils.Unos - Unesena vrijednost je: 1
2019-04-13 15:21:33,882 ERROR main hr.java.vjezbe.utils.Unos - Neispravan unos: null
2019-04-13 15:21:34,483 INFO main hr.java.vjezbe.utils.Unos - Unesena vrijednost je: 12
2019-04-13 15:21:34,948 INFO main hr.java.vjezbe.utils.Unos - Unesena vrijednost je: 123
2019-04-13 15:21:35,482 ERROR main hr.java.vjezbe.utils.Unos - Neispravan unos: null
2019-04-13 15:21:36,507 INFO main hr.java.vjezbe.utils.Unos - Unesena vrijednost je: 2
2019-04-13 15:21:37,632 ERROR main hr.java.vjezbe.utils.Unos - Neispravan unos: null
2019-04-13 15:21:38,549 INFO main hr.java.vjezbe.utils.Unos - Unesena vrijednost je: 11
2019-04-13 15:21:40,401 ERROR main hr.java.vjezbe.utils.Unos - Neispravan unos: null
2019-04-13 15:21:41,014 INFO main hr.java.vjezbe.utils.Unos - Unesena vrijednost je: 12
2019-04-13 15:21:41,640 ERROR main hr.java.vjezbe.utils.Unos - Neispravan unos: null
2019-04-13 15:21:42,072 INFO main hr.java.vjezbe.utils.Unos - Unesena vrijednost je: 2
2019-04-13 15:21:42,838 ERROR main hr.java.vjezbe.utils.Unos - Neispravan unos: null
2019-04-13 15:21:43,718 ERROR main hr.java.vjezbe.utils.Unos - Neispravan unos: null
2019-04-13 15:21:44,055 INFO main hr.java.vjezbe.utils.Unos - Unesena vrijednost je: 2
2019-04-13 15:21:46,028 ERROR main hr.java.vjezbe.utils.Unos - Neispravan datum
2019-04-13 15:21:52,142 ERROR main hr.java.vjezbe.utils.Unos - Neispravan datum
2019-04-13 15:21:56,209 ERROR main hr.java.vjezbe.utils.Unos - Neispravan unos: null
2019-04-13 15:21:56,658 INFO main hr.java.vjezbe.utils.Unos - Unesena vrijednost je: 2
2019-04-13 15:21:58,042 INFO main hr.java.vjezbe.utils.Unos - Unesena vrijednost je: 1
2019-04-13 15:21:59,973 INFO main hr.java.vjezbe.utils.Unos - Unesena vrijednost je: 3
2019-04-13 15:22:05,712 INFO main hr.java.vjezbe.utils.Unos - Unesena vrijednost je: 2
2019-04-13 15:22:06,436 INFO main hr.java.vjezbe.utils.Unos - Unesena vrijednost je: 1
2019-04-13 15:22:08,197 INFO main hr.java.vjezbe.utils.Unos - Unesena vrijednost je: 4
2019-04-13 15:22:17,676 INFO main hr.java.vjezbe.utils.Unos - Unesena vrijednost je: 2
2019-04-13 15:22:23,447 ERROR main hr.java.vjezbe.utils.Unos - Neispravan unos: null
2019-04-13 15:22:24,812 INFO main hr.java.vjezbe.utils.Unos - Unesena vrijednost je: 5
2019-04-13 15:22:25,286 INFO main hr.java.vjezbe.utils.Unos - Unesena vrijednost je: 5
2019-04-13 15:22:26,993 ERROR main hr.java.vjezbe.utils.Unos - Neispravan unos: null
2019-04-13 15:22:32,664 INFO main hr.java.vjezbe.utils.Unos - Unesena vrijednost je: 2
2019-04-13 15:22:34,599 INFO main hr.java.vjezbe.utils.Unos - Unesena vrijednost je: 1
