2019-04-06 14:38:27,954 ERROR main hr.java.vjezbe.utils.Unos - Neispravan unos: null
2019-04-06 14:38:28,652 ERROR main hr.java.vjezbe.utils.Unos - Neispravan unos: null
2019-04-06 14:38:29,216 ERROR main hr.java.vjezbe.utils.Unos - Neispravan unos: null
2019-04-06 14:38:29,682 ERROR main hr.java.vjezbe.utils.Unos - Neispravan unos: null
2019-04-06 14:38:30,827 INFO main hr.java.vjezbe.utils.Unos - Unesena vrijednost je: 
2019-04-06 14:39:22,833 ERROR main hr.java.vjezbe.utils.Unos - Neispravan unos: null
2019-04-06 14:39:23,434 INFO main hr.java.vjezbe.utils.Unos - Unesena vrijednost je: 1
2019-04-06 14:57:47,606 ERROR main hr.java.vjezbe.utils.Unos - Neispravan unos: null
2019-04-06 14:57:48,301 INFO main hr.java.vjezbe.utils.Unos - Unesena vrijednost je: 1
2019-04-06 14:57:57,086 INFO main hr.java.vjezbe.utils.Unos - Unesena vrijednost je: 12
2019-04-06 14:58:01,287 ERROR main hr.java.vjezbe.utils.Unos - Neispravan unos: null
2019-04-06 14:58:02,526 INFO main hr.java.vjezbe.utils.Unos - Unesena vrijednost je: 1
2019-04-06 14:58:08,985 INFO main hr.java.vjezbe.utils.Unos - Unesena vrijednost je: 2
2019-04-06 14:58:12,373 ERROR main hr.java.vjezbe.utils.Unos - Neispravan unos: null
2019-04-06 14:58:13,047 INFO main hr.java.vjezbe.utils.Unos - Unesena vrijednost je: 1
2019-04-06 14:58:14,360 INFO main hr.java.vjezbe.utils.Unos - Unesena vrijednost je: 2
2019-04-06 14:58:15,792 ERROR main hr.java.vjezbe.utils.Unos - Neispravan unos: null
2019-04-06 14:58:16,540 INFO main hr.java.vjezbe.utils.Unos - Unesena vrijednost je: 1
2019-04-06 14:58:21,138 ERROR main hr.java.vjezbe.utils.Unos - Neispravan datum
2019-04-06 14:58:22,710 ERROR main hr.java.vjezbe.utils.Unos - Neispravan datum
2019-04-06 16:40:37,588 ERROR main hr.java.vjezbe.utils.Unos - Neispravan unos: null
2019-04-06 16:40:38,222 INFO main hr.java.vjezbe.utils.Unos - Unesena vrijednost je: 12
2019-04-06 16:40:45,705 ERROR main hr.java.vjezbe.utils.Unos - Neispravan unos: null
2019-04-06 16:40:46,347 INFO main hr.java.vjezbe.utils.Unos - Unesena vrijednost je: 12
2019-04-06 16:40:47,681 ERROR main hr.java.vjezbe.utils.Unos - Neispravan unos: null
2019-04-06 16:40:48,478 INFO main hr.java.vjezbe.utils.Unos - Unesena vrijednost je: 1
2019-04-06 16:40:51,611 ERROR main hr.java.vjezbe.utils.Unos - Neispravan unos: null
2019-04-06 16:40:52,298 INFO main hr.java.vjezbe.utils.Unos - Unesena vrijednost je: 12
2019-04-06 16:40:55,960 ERROR main hr.java.vjezbe.utils.Unos - Neispravan unos: null
2019-04-06 16:40:56,489 INFO main hr.java.vjezbe.utils.Unos - Unesena vrijednost je: 12
2019-04-06 16:40:57,999 INFO main hr.java.vjezbe.utils.Unos - Unesena vrijednost je: 2
2019-04-06 16:40:59,512 ERROR main hr.java.vjezbe.utils.Unos - Neispravan unos: null
2019-04-06 16:41:00,909 INFO main hr.java.vjezbe.utils.Unos - Unesena vrijednost je: 12
2019-04-06 16:41:04,469 ERROR main hr.java.vjezbe.utils.Unos - Neispravan datum
2019-04-06 16:41:25,783 ERROR main hr.java.vjezbe.utils.Unos - Neispravan datum
2019-04-06 16:41:26,663 ERROR main hr.java.vjezbe.utils.Unos - Neispravan datum
2019-04-06 16:41:33,128 ERROR main hr.java.vjezbe.utils.Unos - Neispravan unos: null
2019-04-06 16:41:34,274 INFO main hr.java.vjezbe.utils.Unos - Unesena vrijednost je: 1
2019-04-06 16:41:35,422 INFO main hr.java.vjezbe.utils.Unos - Unesena vrijednost je: 2
2019-04-06 16:41:37,545 ERROR main hr.java.vjezbe.utils.Unos - Neispravan unos: null
2019-04-06 16:41:39,077 INFO main hr.java.vjezbe.utils.Unos - Unesena vrijednost je: 6
2019-04-06 16:41:39,750 INFO main hr.java.vjezbe.utils.Unos - Unesena vrijednost je: 1
2019-04-06 16:41:41,730 ERROR main hr.java.vjezbe.utils.Unos - Neispravan datum
2019-04-06 16:41:50,176 INFO main hr.java.vjezbe.utils.Unos - Unesena vrijednost je: 2
2019-04-06 16:42:00,849 INFO main hr.java.vjezbe.utils.Unos - Unesena vrijednost je: 1
2019-04-06 16:42:03,144 INFO main hr.java.vjezbe.utils.Unos - Unesena vrijednost je: 2
2019-04-06 16:42:13,410 INFO main hr.java.vjezbe.utils.Unos - Unesena vrijednost je: 2
2019-04-06 16:42:16,492 INFO main hr.java.vjezbe.utils.Unos - Unesena vrijednost je: 2
2019-04-06 16:42:18,627 INFO main hr.java.vjezbe.utils.Unos - Unesena vrijednost je: 1
2019-04-06 16:42:18,641 ERROR main hr.java.vjezbe.entitet.FakultetRacunarstva - Nemoguce odrediti prosjek studenta: Student: sdvas sadva sadas
Ispit: avsd: 1
2019-04-06 16:42:27,239 INFO main hr.java.vjezbe.utils.Unos - Unesena vrijednost je: 2
2019-04-06 16:42:28,107 INFO main hr.java.vjezbe.utils.Unos - Unesena vrijednost je: 1
2019-04-06 16:42:28,108 ERROR main hr.java.vjezbe.entitet.FakultetRacunarstva - Nemoguce odrediti prosjek studenta: Student: sdvas sadva sadas
Ispit: avsd: 1
2019-04-06 16:42:28,114 ERROR main hr.java.vjezbe.entitet.FakultetRacunarstva - Nemoguce odrediti prosjek studenta: dvas sdv
hr.java.vjezbe.iznimke.NemoguceOdreditiProsjekStudenta: Student: sdvas sadva sadas
Ispit: avsd: 1
	at hr.java.vjezbe.entitet.Visokoskolska.odrediProsjekOcjenaNaIspitima(Visokoskolska.java:19)
	at hr.java.vjezbe.entitet.FakultetRacunarstva.odrediStudentaZaRektorovuNagradu(FakultetRacunarstva.java:49)
	at hr.java.vjezbe.glavna.Glavna.main(Glavna.java:88)
2019-04-06 16:42:28,114 ERROR main hr.java.vjezbe.entitet.FakultetRacunarstva - Nemoguce odrediti prosjek studenta: sadas sadva
hr.java.vjezbe.iznimke.NemoguceOdreditiProsjekStudenta: Student: sdvas sadva sadas
Ispit: avsd: 1
	at hr.java.vjezbe.entitet.Visokoskolska.odrediProsjekOcjenaNaIspitima(Visokoskolska.java:19)
	at hr.java.vjezbe.entitet.FakultetRacunarstva.odrediStudentaZaRektorovuNagradu(FakultetRacunarstva.java:49)
	at hr.java.vjezbe.glavna.Glavna.main(Glavna.java:88)
2019-04-06 17:09:26,036 INFO main hr.java.vjezbe.utils.Unos - Unesena vrijednost je: 1
2019-04-06 17:09:33,051 ERROR main hr.java.vjezbe.utils.Unos - Neispravan unos: null
2019-04-06 17:09:33,776 INFO main hr.java.vjezbe.utils.Unos - Unesena vrijednost je: 12
2019-04-06 17:09:34,573 ERROR main hr.java.vjezbe.utils.Unos - Neispravan unos: null
2019-04-06 17:09:35,147 INFO main hr.java.vjezbe.utils.Unos - Unesena vrijednost je: 2
2019-04-06 17:09:36,466 ERROR main hr.java.vjezbe.utils.Unos - Neispravan unos: null
2019-04-06 17:09:37,557 ERROR main hr.java.vjezbe.utils.Unos - Neispravan unos: null
2019-04-06 17:09:38,133 INFO main hr.java.vjezbe.utils.Unos - Unesena vrijednost je: 1
2019-04-06 17:09:46,636 INFO main hr.java.vjezbe.utils.Unos - Unesena vrijednost je: 12
2019-04-06 17:09:47,707 INFO main hr.java.vjezbe.utils.Unos - Unesena vrijednost je: 2
2019-04-06 17:09:50,093 INFO main hr.java.vjezbe.utils.Unos - Unesena vrijednost je: 12
2019-04-06 17:09:53,405 ERROR main hr.java.vjezbe.utils.Unos - Neispravan datum
2019-04-06 17:10:05,133 ERROR main hr.java.vjezbe.utils.Unos - Neispravan unos: null
2019-04-06 17:10:05,644 INFO main hr.java.vjezbe.utils.Unos - Unesena vrijednost je: 2
2019-04-06 17:10:06,639 INFO main hr.java.vjezbe.utils.Unos - Unesena vrijednost je: 1
2019-04-06 17:10:08,396 INFO main hr.java.vjezbe.utils.Unos - Unesena vrijednost je: 2
2019-04-06 17:10:16,692 INFO main hr.java.vjezbe.utils.Unos - Unesena vrijednost je: 2
2019-04-06 17:10:17,451 INFO main hr.java.vjezbe.utils.Unos - Unesena vrijednost je: 1
2019-04-06 17:10:19,020 INFO main hr.java.vjezbe.utils.Unos - Unesena vrijednost je: 3
2019-04-06 17:11:09,238 INFO main hr.java.vjezbe.utils.Unos - Unesena vrijednost je: 1
2019-04-06 17:11:13,991 INFO main hr.java.vjezbe.utils.Unos - Unesena vrijednost je: 2
2019-04-06 17:11:17,070 INFO main hr.java.vjezbe.utils.Unos - Unesena vrijednost je: 2
2019-04-06 17:43:28,650 ERROR main hr.java.vjezbe.utils.Unos - Neispravan unos: null
2019-04-06 17:43:29,458 INFO main hr.java.vjezbe.utils.Unos - Unesena vrijednost je: 12
2019-04-06 17:43:36,286 ERROR main hr.java.vjezbe.utils.Unos - Neispravan unos: null
2019-04-06 17:43:37,116 INFO main hr.java.vjezbe.utils.Unos - Unesena vrijednost je: 123
2019-04-06 17:43:37,858 ERROR main hr.java.vjezbe.utils.Unos - Neispravan unos: null
2019-04-06 17:43:38,555 INFO main hr.java.vjezbe.utils.Unos - Unesena vrijednost je: 12
2019-04-06 17:43:39,314 ERROR main hr.java.vjezbe.utils.Unos - Neispravan unos: null
2019-04-06 17:43:39,965 INFO main hr.java.vjezbe.utils.Unos - Unesena vrijednost je: 12
2019-04-06 17:43:41,464 INFO main hr.java.vjezbe.utils.Unos - Unesena vrijednost je: 1
2019-04-06 17:43:42,076 INFO main hr.java.vjezbe.utils.Unos - Unesena vrijednost je: 1
2019-04-06 17:43:43,582 INFO main hr.java.vjezbe.utils.Unos - Unesena vrijednost je: 1
2019-04-06 17:43:43,783 INFO main hr.java.vjezbe.utils.Unos - Unesena vrijednost je: 1
2019-04-06 17:43:43,973 INFO main hr.java.vjezbe.utils.Unos - Unesena vrijednost je: 1
2019-04-06 17:43:44,574 ERROR main hr.java.vjezbe.utils.Unos - Neispravan datum
2019-04-06 17:43:44,752 ERROR main hr.java.vjezbe.utils.Unos - Neispravan datum
2019-04-06 17:43:44,937 ERROR main hr.java.vjezbe.utils.Unos - Neispravan datum
2019-04-06 17:43:45,127 ERROR main hr.java.vjezbe.utils.Unos - Neispravan datum
2019-04-06 17:43:45,306 ERROR main hr.java.vjezbe.utils.Unos - Neispravan datum
2019-04-06 17:43:45,494 ERROR main hr.java.vjezbe.utils.Unos - Neispravan datum
2019-04-06 17:43:53,620 ERROR main hr.java.vjezbe.utils.Unos - Neispravan datum
2019-04-06 17:43:58,468 INFO main hr.java.vjezbe.utils.Unos - Unesena vrijednost je: 12
2019-04-06 17:43:59,230 INFO main hr.java.vjezbe.utils.Unos - Unesena vrijednost je: 1
2019-04-06 17:44:01,407 INFO main hr.java.vjezbe.utils.Unos - Unesena vrijednost je: 2
2019-04-06 17:44:03,051 INFO main hr.java.vjezbe.utils.Unos - Unesena vrijednost je: 2
2019-04-06 17:44:10,305 INFO main hr.java.vjezbe.utils.Unos - Unesena vrijednost je: 1
2019-04-06 17:44:10,903 INFO main hr.java.vjezbe.utils.Unos - Unesena vrijednost je: 2
2019-04-06 17:44:11,629 INFO main hr.java.vjezbe.utils.Unos - Unesena vrijednost je: 1
2019-04-06 17:44:21,118 INFO main hr.java.vjezbe.utils.Unos - Unesena vrijednost je: 2
2019-04-06 17:44:24,023 INFO main hr.java.vjezbe.utils.Unos - Unesena vrijednost je: 1
2019-04-06 17:44:24,747 INFO main hr.java.vjezbe.utils.Unos - Unesena vrijednost je: 2
2019-04-06 17:44:26,860 ERROR main hr.java.vjezbe.utils.Unos - Neispravan unos: null
2019-04-06 17:44:29,029 ERROR main hr.java.vjezbe.utils.Unos - Neispravan unos: null
2019-04-06 17:44:29,878 INFO main hr.java.vjezbe.utils.Unos - Unesena vrijednost je: 1
2019-04-06 17:44:30,442 INFO main hr.java.vjezbe.utils.Unos - Unesena vrijednost je: 2
2019-04-06 17:44:30,443 ERROR main hr.java.vjezbe.entitet.FakultetRacunarstva - Nemoguce odrediti prosjek studenta: Student: 1wv asdva 1
Ispit: sadv: 1
2019-04-06 17:44:30,448 ERROR main hr.java.vjezbe.entitet.FakultetRacunarstva - Nemoguce odrediti prosjek studenta: 1 asdva
hr.java.vjezbe.iznimke.NemoguceOdreditiProsjekStudenta: Student: 1wv asdva 1
Ispit: sadv: 1
	at hr.java.vjezbe.entitet.Visokoskolska.odrediProsjekOcjenaNaIspitima(Visokoskolska.java:40)
	at hr.java.vjezbe.entitet.FakultetRacunarstva.odrediStudentaZaRektorovuNagradu(FakultetRacunarstva.java:80)
	at hr.java.vjezbe.glavna.Glavna.main(Glavna.java:88)
2019-04-06 17:44:35,811 INFO main hr.java.vjezbe.utils.Unos - Unesena vrijednost je: 1
2019-04-06 17:44:36,401 INFO main hr.java.vjezbe.utils.Unos - Unesena vrijednost je: 2
2019-04-13 15:38:36,676 ERROR main hr.java.vjezbe.utils.Unos - Neispravan unos: null
2019-04-13 15:38:37,197 ERROR main hr.java.vjezbe.utils.Unos - Neispravan unos: null
2019-04-13 15:38:37,713 INFO main hr.java.vjezbe.utils.Unos - Unesena vrijednost je: 1
2019-04-13 15:38:56,271 ERROR main hr.java.vjezbe.utils.Unos - Neispravan unos: null
2019-04-13 15:38:56,816 INFO main hr.java.vjezbe.utils.Unos - Unesena vrijednost je: 12
2019-04-13 15:38:57,346 ERROR main hr.java.vjezbe.utils.Unos - Neispravan unos: null
2019-04-13 15:38:57,974 INFO main hr.java.vjezbe.utils.Unos - Unesena vrijednost je: 2
2019-04-13 15:39:00,106 ERROR main hr.java.vjezbe.utils.Unos - Neispravan unos: null
2019-04-13 15:39:00,519 INFO main hr.java.vjezbe.utils.Unos - Unesena vrijednost je: 12
2019-04-13 15:39:01,194 ERROR main hr.java.vjezbe.utils.Unos - Neispravan unos: null
2019-04-13 15:39:01,571 INFO main hr.java.vjezbe.utils.Unos - Unesena vrijednost je: 2
2019-04-13 15:39:03,761 ERROR main hr.java.vjezbe.utils.Unos - Neispravan datum
2019-04-13 15:39:08,951 ERROR main hr.java.vjezbe.utils.Unos - Neispravan datum
2019-04-13 15:39:23,916 INFO main hr.java.vjezbe.utils.Unos - Unesena vrijednost je: 2
2019-04-13 15:39:25,297 INFO main hr.java.vjezbe.utils.Unos - Unesena vrijednost je: 1
2019-04-13 15:39:26,595 INFO main hr.java.vjezbe.utils.Unos - Unesena vrijednost je: 4
2019-04-13 15:39:32,067 INFO main hr.java.vjezbe.utils.Unos - Unesena vrijednost je: 3
2019-04-13 15:39:32,807 INFO main hr.java.vjezbe.utils.Unos - Unesena vrijednost je: 2
2019-04-13 15:39:33,657 INFO main hr.java.vjezbe.utils.Unos - Unesena vrijednost je: 1
2019-04-13 15:39:34,533 INFO main hr.java.vjezbe.utils.Unos - Unesena vrijednost je: 2
2019-04-13 15:54:07,097 INFO main hr.java.vjezbe.utils.Unos - Unesena vrijednost je: 1
2019-04-13 15:54:12,168 ERROR main hr.java.vjezbe.utils.Unos - Neispravan unos: null
2019-04-13 15:54:12,891 ERROR main hr.java.vjezbe.utils.Unos - Neispravan unos: null
2019-04-13 15:54:13,453 ERROR main hr.java.vjezbe.utils.Unos - Neispravan unos: null
2019-04-13 15:54:14,036 INFO main hr.java.vjezbe.utils.Unos - Unesena vrijednost je: 12
2019-04-13 15:54:14,898 ERROR main hr.java.vjezbe.utils.Unos - Neispravan unos: null
2019-04-13 15:54:15,262 INFO main hr.java.vjezbe.utils.Unos - Unesena vrijednost je: 2
2019-04-13 15:54:16,998 ERROR main hr.java.vjezbe.utils.Unos - Neispravan unos: null
2019-04-13 15:54:17,386 ERROR main hr.java.vjezbe.utils.Unos - Neispravan unos: null
2019-04-13 15:54:17,909 INFO main hr.java.vjezbe.utils.Unos - Unesena vrijednost je: 2
2019-04-13 15:54:18,525 ERROR main hr.java.vjezbe.utils.Unos - Neispravan unos: null
2019-04-13 15:54:19,344 ERROR main hr.java.vjezbe.utils.Unos - Neispravan unos: null
2019-04-13 15:54:20,076 ERROR main hr.java.vjezbe.utils.Unos - Neispravan unos: null
2019-04-13 15:54:20,767 INFO main hr.java.vjezbe.utils.Unos - Unesena vrijednost je: 1
2019-04-13 15:54:22,803 ERROR main hr.java.vjezbe.utils.Unos - Neispravan datum
2019-04-13 15:54:25,001 ERROR main hr.java.vjezbe.utils.Unos - Neispravan datum
2019-04-13 15:54:31,953 ERROR main hr.java.vjezbe.utils.Unos - Neispravan datum
2019-04-13 15:54:35,214 ERROR main hr.java.vjezbe.utils.Unos - Neispravan unos: null
2019-04-13 15:54:35,759 INFO main hr.java.vjezbe.utils.Unos - Unesena vrijednost je: 2
2019-04-13 15:54:36,462 INFO main hr.java.vjezbe.utils.Unos - Unesena vrijednost je: 1
2019-04-13 15:54:37,696 INFO main hr.java.vjezbe.utils.Unos - Unesena vrijednost je: 4
2019-04-13 15:54:44,036 INFO main hr.java.vjezbe.utils.Unos - Unesena vrijednost je: 2
2019-04-13 15:54:44,704 INFO main hr.java.vjezbe.utils.Unos - Unesena vrijednost je: 1
2019-04-13 15:54:46,490 INFO main hr.java.vjezbe.utils.Unos - Unesena vrijednost je: 3
